{"D:\\Projects\\Apostill\\src\\Apostille.ts": {"path":"D:\\Projects\\Apostill\\src\\Apostille.ts","statementMap":{"0":{"start":{"line":6,"column":12},"end":{"line":6,"column":26}},"1":{"start":{"line":13,"column":30},"end":{"line":13,"column":42}},"2":{"start":{"line":13,"column":52},"end":{"line":13,"column":76}},"3":{"start":{"line":13,"column":94},"end":{"line":13,"column":118}},"4":{"start":{"line":8,"column":10},"end":{"line":8,"column":40}},"5":{"start":{"line":9,"column":10},"end":{"line":9,"column":45}},"6":{"start":{"line":10,"column":10},"end":{"line":10,"column":35}},"7":{"start":{"line":11,"column":10},"end":{"line":11,"column":45}},"8":{"start":{"line":14,"column":4},"end":{"line":16,"column":5}},"9":{"start":{"line":15,"column":6},"end":{"line":15,"column":46}},"10":{"start":{"line":17,"column":20},"end":{"line":17,"column":68}},"11":{"start":{"line":19,"column":21},"end":{"line":19,"column":43}},"12":{"start":{"line":21,"column":23},"end":{"line":21,"column":89}},"13":{"start":{"line":23,"column":4},"end":{"line":23,"column":80}},"14":{"start":{"line":28,"column":4},"end":{"line":30,"column":5}},"15":{"start":{"line":29,"column":6},"end":{"line":29,"column":65}},"16":{"start":{"line":32,"column":4},"end":{"line":69,"column":5}},"17":{"start":{"line":33,"column":6},"end":{"line":33,"column":77}},"18":{"start":{"line":34,"column":6},"end":{"line":50,"column":7}},"19":{"start":{"line":35,"column":8},"end":{"line":41,"column":10}},"20":{"start":{"line":43,"column":8},"end":{"line":49,"column":10}},"21":{"start":{"line":52,"column":6},"end":{"line":68,"column":7}},"22":{"start":{"line":53,"column":8},"end":{"line":59,"column":10}},"23":{"start":{"line":61,"column":8},"end":{"line":67,"column":10}},"24":{"start":{"line":71,"column":4},"end":{"line":71,"column":48}},"25":{"start":{"line":72,"column":4},"end":{"line":72,"column":24}},"26":{"start":{"line":76,"column":4},"end":{"line":78,"column":5}},"27":{"start":{"line":77,"column":6},"end":{"line":77,"column":52}},"28":{"start":{"line":80,"column":4},"end":{"line":96,"column":5}},"29":{"start":{"line":81,"column":6},"end":{"line":87,"column":8}},"30":{"start":{"line":89,"column":6},"end":{"line":95,"column":8}},"31":{"start":{"line":97,"column":4},"end":{"line":97,"column":46}},"32":{"start":{"line":101,"column":4},"end":{"line":103,"column":5}},"33":{"start":{"line":102,"column":6},"end":{"line":102,"column":52}},"34":{"start":{"line":104,"column":28},"end":{"line":104,"column":89}},"35":{"start":{"line":105,"column":18},"end":{"line":105,"column":87}},"36":{"start":{"line":106,"column":4},"end":{"line":140,"column":5}},"37":{"start":{"line":107,"column":32},"end":{"line":107,"column":64}},"38":{"start":{"line":108,"column":6},"end":{"line":114,"column":8}},"39":{"start":{"line":110,"column":10},"end":{"line":110,"column":27}},"40":{"start":{"line":111,"column":10},"end":{"line":111,"column":40}},"41":{"start":{"line":113,"column":15},"end":{"line":113,"column":33}},"42":{"start":{"line":116,"column":6},"end":{"line":116,"column":29}},"43":{"start":{"line":118,"column":61},"end":{"line":118,"column":63}},"44":{"start":{"line":119,"column":6},"end":{"line":121,"column":9}},"45":{"start":{"line":120,"column":8},"end":{"line":120,"column":81}},"46":{"start":{"line":123,"column":35},"end":{"line":128,"column":7}},"47":{"start":{"line":130,"column":30},"end":{"line":130,"column":62}},"48":{"start":{"line":131,"column":6},"end":{"line":137,"column":8}},"49":{"start":{"line":133,"column":10},"end":{"line":133,"column":27}},"50":{"start":{"line":134,"column":10},"end":{"line":134,"column":40}},"51":{"start":{"line":136,"column":15},"end":{"line":136,"column":33}},"52":{"start":{"line":139,"column":6},"end":{"line":139,"column":29}},"53":{"start":{"line":144,"column":4},"end":{"line":144,"column":37}},"54":{"start":{"line":148,"column":4},"end":{"line":148,"column":36}},"55":{"start":{"line":152,"column":4},"end":{"line":152,"column":43}},"56":{"start":{"line":156,"column":4},"end":{"line":156,"column":21}},"57":{"start":{"line":160,"column":4},"end":{"line":160,"column":24}},"58":{"start":{"line":165,"column":23},"end":{"line":165,"column":45}},"59":{"start":{"line":166,"column":4},"end":{"line":166,"column":22}}},"fnMap":{"0":{"name":"(anonymous_0)","decl":{"start":{"line":13,"column":2},"end":{"line":13,"column":29}},"loc":{"start":{"line":13,"column":118},"end":{"line":24,"column":3}}},"1":{"name":"(anonymous_1)","decl":{"start":{"line":26,"column":9},"end":{"line":26,"column":14}},"loc":{"start":{"line":26,"column":85},"end":{"line":73,"column":3}}},"2":{"name":"(anonymous_2)","decl":{"start":{"line":75,"column":9},"end":{"line":75,"column":14}},"loc":{"start":{"line":75,"column":56},"end":{"line":98,"column":3}}},"3":{"name":"(anonymous_3)","decl":{"start":{"line":100,"column":9},"end":{"line":100,"column":16}},"loc":{"start":{"line":100,"column":17},"end":{"line":141,"column":3}}},"4":{"name":"(anonymous_4)","decl":{"start":{"line":109,"column":8},"end":{"line":109,"column":9}},"loc":{"start":{"line":109,"column":16},"end":{"line":112,"column":9}}},"5":{"name":"(anonymous_5)","decl":{"start":{"line":113,"column":8},"end":{"line":113,"column":10}},"loc":{"start":{"line":113,"column":15},"end":{"line":113,"column":33}}},"6":{"name":"(anonymous_6)","decl":{"start":{"line":119,"column":32},"end":{"line":119,"column":42}},"loc":{"start":{"line":119,"column":46},"end":{"line":121,"column":7}}},"7":{"name":"(anonymous_7)","decl":{"start":{"line":132,"column":8},"end":{"line":132,"column":9}},"loc":{"start":{"line":132,"column":16},"end":{"line":135,"column":9}}},"8":{"name":"(anonymous_8)","decl":{"start":{"line":136,"column":8},"end":{"line":136,"column":10}},"loc":{"start":{"line":136,"column":15},"end":{"line":136,"column":33}}},"9":{"name":"(anonymous_9)","decl":{"start":{"line":143,"column":2},"end":{"line":143,"column":5}},"loc":{"start":{"line":143,"column":16},"end":{"line":145,"column":3}}},"10":{"name":"(anonymous_10)","decl":{"start":{"line":147,"column":2},"end":{"line":147,"column":5}},"loc":{"start":{"line":147,"column":15},"end":{"line":149,"column":3}}},"11":{"name":"(anonymous_11)","decl":{"start":{"line":151,"column":2},"end":{"line":151,"column":5}},"loc":{"start":{"line":151,"column":13},"end":{"line":153,"column":3}}},"12":{"name":"(anonymous_12)","decl":{"start":{"line":155,"column":2},"end":{"line":155,"column":5}},"loc":{"start":{"line":155,"column":19},"end":{"line":157,"column":3}}},"13":{"name":"(anonymous_13)","decl":{"start":{"line":159,"column":2},"end":{"line":159,"column":5}},"loc":{"start":{"line":159,"column":15},"end":{"line":161,"column":3}}},"14":{"name":"(anonymous_14)","decl":{"start":{"line":163,"column":2},"end":{"line":163,"column":11}},"loc":{"start":{"line":163,"column":12},"end":{"line":167,"column":3}}}},"branchMap":{"0":{"loc":{"start":{"line":14,"column":4},"end":{"line":16,"column":5}},"type":"if","locations":[{"start":{"line":14,"column":4},"end":{"line":16,"column":5}},{"start":{"line":14,"column":4},"end":{"line":16,"column":5}}]},"1":{"loc":{"start":{"line":28,"column":4},"end":{"line":30,"column":5}},"type":"if","locations":[{"start":{"line":28,"column":4},"end":{"line":30,"column":5}},{"start":{"line":28,"column":4},"end":{"line":30,"column":5}}]},"2":{"loc":{"start":{"line":28,"column":8},"end":{"line":28,"column":20}},"type":"binary-expr","locations":[{"start":{"line":28,"column":8},"end":{"line":28,"column":20}},{"start":{"line":28,"column":24},"end":{"line":28,"column":46}}]},"3":{"loc":{"start":{"line":32,"column":4},"end":{"line":69,"column":5}},"type":"if","locations":[{"start":{"line":32,"column":4},"end":{"line":69,"column":5}},{"start":{"line":32,"column":4},"end":{"line":69,"column":5}}]},"4":{"loc":{"start":{"line":34,"column":6},"end":{"line":50,"column":7}},"type":"if","locations":[{"start":{"line":34,"column":6},"end":{"line":50,"column":7}},{"start":{"line":34,"column":6},"end":{"line":50,"column":7}}]},"5":{"loc":{"start":{"line":52,"column":6},"end":{"line":68,"column":7}},"type":"if","locations":[{"start":{"line":52,"column":6},"end":{"line":68,"column":7}},{"start":{"line":52,"column":6},"end":{"line":68,"column":7}}]},"6":{"loc":{"start":{"line":76,"column":4},"end":{"line":78,"column":5}},"type":"if","locations":[{"start":{"line":76,"column":4},"end":{"line":78,"column":5}},{"start":{"line":76,"column":4},"end":{"line":78,"column":5}}]},"7":{"loc":{"start":{"line":80,"column":4},"end":{"line":96,"column":5}},"type":"if","locations":[{"start":{"line":80,"column":4},"end":{"line":96,"column":5}},{"start":{"line":80,"column":4},"end":{"line":96,"column":5}}]},"8":{"loc":{"start":{"line":101,"column":4},"end":{"line":103,"column":5}},"type":"if","locations":[{"start":{"line":101,"column":4},"end":{"line":103,"column":5}},{"start":{"line":101,"column":4},"end":{"line":103,"column":5}}]},"9":{"loc":{"start":{"line":106,"column":4},"end":{"line":140,"column":5}},"type":"if","locations":[{"start":{"line":106,"column":4},"end":{"line":140,"column":5}},{"start":{"line":106,"column":4},"end":{"line":140,"column":5}}]}},"s":{"0":1,"1":5,"2":5,"3":5,"4":5,"5":5,"6":5,"7":5,"8":5,"9":0,"10":5,"11":5,"12":5,"13":5,"14":5,"15":0,"16":5,"17":5,"18":5,"19":0,"20":5,"21":0,"22":0,"23":0,"24":5,"25":5,"26":0,"27":0,"28":0,"29":0,"30":0,"31":0,"32":0,"33":0,"34":0,"35":0,"36":0,"37":0,"38":0,"39":0,"40":0,"41":0,"42":0,"43":0,"44":0,"45":0,"46":0,"47":0,"48":0,"49":0,"50":0,"51":0,"52":0,"53":2,"54":1,"55":0,"56":10,"57":0,"58":0,"59":0},"f":{"0":5,"1":5,"2":0,"3":0,"4":0,"5":0,"6":0,"7":0,"8":0,"9":2,"10":1,"11":0,"12":10,"13":0,"14":0},"b":{"0":[0,5],"1":[0,5],"2":[5,5],"3":[5,0],"4":[0,5],"5":[0,0],"6":[0,0],"7":[0,0],"8":[0,0],"9":[0,0]}}
,"D:\\Projects\\Apostill\\src\\PublicApostille.ts": {"path":"D:\\Projects\\Apostill\\src\\PublicApostille.ts","statementMap":{"0":{"start":{"line":10,"column":22},"end":{"line":10,"column":46}},"1":{"start":{"line":10,"column":64},"end":{"line":10,"column":88}},"2":{"start":{"line":8,"column":10},"end":{"line":8,"column":37}},"3":{"start":{"line":11,"column":4},"end":{"line":19,"column":5}},"4":{"start":{"line":12,"column":22},"end":{"line":12,"column":63}},"5":{"start":{"line":13,"column":6},"end":{"line":15,"column":7}},"6":{"start":{"line":14,"column":8},"end":{"line":14,"column":66}},"7":{"start":{"line":16,"column":6},"end":{"line":16,"column":28}},"8":{"start":{"line":18,"column":6},"end":{"line":18,"column":70}},"9":{"start":{"line":23,"column":4},"end":{"line":23,"column":59}},"10":{"start":{"line":24,"column":4},"end":{"line":30,"column":6}},"11":{"start":{"line":31,"column":4},"end":{"line":31,"column":27}},"12":{"start":{"line":35,"column":4},"end":{"line":37,"column":5}},"13":{"start":{"line":36,"column":6},"end":{"line":36,"column":76}},"14":{"start":{"line":38,"column":28},"end":{"line":38,"column":89}},"15":{"start":{"line":39,"column":18},"end":{"line":39,"column":87}},"16":{"start":{"line":40,"column":30},"end":{"line":40,"column":66}},"17":{"start":{"line":41,"column":4},"end":{"line":47,"column":6}},"18":{"start":{"line":43,"column":8},"end":{"line":43,"column":25}},"19":{"start":{"line":44,"column":8},"end":{"line":44,"column":30}},"20":{"start":{"line":46,"column":13},"end":{"line":46,"column":31}},"21":{"start":{"line":51,"column":4},"end":{"line":51,"column":33}},"22":{"start":{"line":55,"column":4},"end":{"line":55,"column":28}},"23":{"start":{"line":59,"column":4},"end":{"line":59,"column":21}}},"fnMap":{"0":{"name":"(anonymous_0)","decl":{"start":{"line":10,"column":2},"end":{"line":10,"column":21}},"loc":{"start":{"line":10,"column":110},"end":{"line":20,"column":3}}},"1":{"name":"(anonymous_1)","decl":{"start":{"line":22,"column":9},"end":{"line":22,"column":14}},"loc":{"start":{"line":22,"column":63},"end":{"line":32,"column":3}}},"2":{"name":"(anonymous_2)","decl":{"start":{"line":34,"column":9},"end":{"line":34,"column":16}},"loc":{"start":{"line":34,"column":17},"end":{"line":48,"column":3}}},"3":{"name":"(anonymous_3)","decl":{"start":{"line":42,"column":6},"end":{"line":42,"column":7}},"loc":{"start":{"line":42,"column":14},"end":{"line":45,"column":7}}},"4":{"name":"(anonymous_4)","decl":{"start":{"line":46,"column":6},"end":{"line":46,"column":8}},"loc":{"start":{"line":46,"column":13},"end":{"line":46,"column":31}}},"5":{"name":"(anonymous_5)","decl":{"start":{"line":50,"column":2},"end":{"line":50,"column":5}},"loc":{"start":{"line":50,"column":17},"end":{"line":52,"column":3}}},"6":{"name":"(anonymous_6)","decl":{"start":{"line":54,"column":2},"end":{"line":54,"column":5}},"loc":{"start":{"line":54,"column":17},"end":{"line":56,"column":3}}},"7":{"name":"(anonymous_7)","decl":{"start":{"line":58,"column":2},"end":{"line":58,"column":5}},"loc":{"start":{"line":58,"column":19},"end":{"line":60,"column":3}}}},"branchMap":{"0":{"loc":{"start":{"line":11,"column":4},"end":{"line":19,"column":5}},"type":"if","locations":[{"start":{"line":11,"column":4},"end":{"line":19,"column":5}},{"start":{"line":11,"column":4},"end":{"line":19,"column":5}}]},"1":{"loc":{"start":{"line":13,"column":6},"end":{"line":15,"column":7}},"type":"if","locations":[{"start":{"line":13,"column":6},"end":{"line":15,"column":7}},{"start":{"line":13,"column":6},"end":{"line":15,"column":7}}]},"2":{"loc":{"start":{"line":35,"column":4},"end":{"line":37,"column":5}},"type":"if","locations":[{"start":{"line":35,"column":4},"end":{"line":37,"column":5}},{"start":{"line":35,"column":4},"end":{"line":37,"column":5}}]}},"s":{"0":1,"1":1,"2":1,"3":1,"4":0,"5":0,"6":0,"7":0,"8":1,"9":1,"10":1,"11":1,"12":0,"13":0,"14":0,"15":0,"16":0,"17":0,"18":0,"19":0,"20":0,"21":0,"22":0,"23":2},"f":{"0":1,"1":1,"2":0,"3":0,"4":0,"5":0,"6":0,"7":2},"b":{"0":[0,1],"1":[0,0],"2":[0,0]}}
,"D:\\Projects\\Apostill\\src\\Sinks.ts": {"path":"D:\\Projects\\Apostill\\src\\Sinks.ts","statementMap":{"0":{"start":{"line":1,"column":0},"end":{"line":10,"column":1}},"1":{"start":{"line":3,"column":2},"end":{"line":3,"column":51}},"2":{"start":{"line":5,"column":2},"end":{"line":5,"column":51}},"3":{"start":{"line":7,"column":2},"end":{"line":7,"column":51}},"4":{"start":{"line":9,"column":2},"end":{"line":9,"column":19}}},"fnMap":{"0":{"name":"(anonymous_0)","decl":{"start":{"line":1,"column":0},"end":{"line":1,"column":11}},"loc":{"start":{"line":1,"column":17},"end":{"line":10,"column":1}}}},"branchMap":{"0":{"loc":{"start":{"line":1,"column":12},"end":{"line":1,"column":17}},"type":"binary-expr","locations":[{"start":{"line":1,"column":12},"end":{"line":1,"column":17}},{"start":{"line":1,"column":12},"end":{"line":1,"column":17}}]}},"s":{"0":1,"1":1,"2":1,"3":1,"4":1},"f":{"0":1},"b":{"0":[1,1]}}
,"D:\\Projects\\Apostill\\src\\hashFunctions\\HashFunction.ts": {"path":"D:\\Projects\\Apostill\\src\\hashFunctions\\HashFunction.ts","statementMap":{"0":{"start":{"line":6,"column":4},"end":{"line":6,"column":31}},"1":{"start":{"line":7,"column":4},"end":{"line":7,"column":25}}},"fnMap":{"0":{"name":"(anonymous_0)","decl":{"start":{"line":5,"column":2},"end":{"line":5,"column":20}},"loc":{"start":{"line":5,"column":54},"end":{"line":8,"column":3}}}},"branchMap":{},"s":{"0":6,"1":6},"f":{"0":6},"b":{}}
,"D:\\Projects\\Apostill\\src\\hashFunctions\\md5.ts": {"path":"D:\\Projects\\Apostill\\src\\hashFunctions\\md5.ts","statementMap":{"0":{"start":{"line":5,"column":12},"end":{"line":5,"column":26}},"1":{"start":{"line":9,"column":4},"end":{"line":9,"column":22}},"2":{"start":{"line":13,"column":20},"end":{"line":13,"column":63}},"3":{"start":{"line":14,"column":20},"end":{"line":14,"column":44}},"4":{"start":{"line":15,"column":4},"end":{"line":15,"column":76}},"5":{"start":{"line":18,"column":20},"end":{"line":18,"column":47}},"6":{"start":{"line":19,"column":4},"end":{"line":19,"column":40}}},"fnMap":{"0":{"name":"(anonymous_0)","decl":{"start":{"line":8,"column":2},"end":{"line":null,"column":-1}},"loc":{"start":{"line":8,"column":2},"end":{"line":10,"column":3}}},"1":{"name":"(anonymous_1)","decl":{"start":{"line":12,"column":9},"end":{"line":12,"column":21}},"loc":{"start":{"line":12,"column":61},"end":{"line":16,"column":3}}},"2":{"name":"(anonymous_2)","decl":{"start":{"line":17,"column":9},"end":{"line":17,"column":24}},"loc":{"start":{"line":17,"column":38},"end":{"line":20,"column":3}}}},"branchMap":{},"s":{"0":2,"1":1,"2":1,"3":1,"4":1,"5":0,"6":0},"f":{"0":1,"1":1,"2":0},"b":{}}
,"D:\\Projects\\Apostill\\src\\hashFunctions\\sha1.ts": {"path":"D:\\Projects\\Apostill\\src\\hashFunctions\\sha1.ts","statementMap":{"0":{"start":{"line":5,"column":12},"end":{"line":5,"column":26}},"1":{"start":{"line":9,"column":4},"end":{"line":9,"column":22}},"2":{"start":{"line":13,"column":20},"end":{"line":13,"column":63}},"3":{"start":{"line":14,"column":20},"end":{"line":14,"column":44}},"4":{"start":{"line":15,"column":4},"end":{"line":15,"column":77}},"5":{"start":{"line":18,"column":20},"end":{"line":18,"column":47}},"6":{"start":{"line":19,"column":4},"end":{"line":19,"column":41}}},"fnMap":{"0":{"name":"(anonymous_0)","decl":{"start":{"line":8,"column":2},"end":{"line":null,"column":-1}},"loc":{"start":{"line":8,"column":2},"end":{"line":10,"column":3}}},"1":{"name":"(anonymous_1)","decl":{"start":{"line":12,"column":9},"end":{"line":12,"column":21}},"loc":{"start":{"line":12,"column":61},"end":{"line":16,"column":3}}},"2":{"name":"(anonymous_2)","decl":{"start":{"line":17,"column":9},"end":{"line":17,"column":24}},"loc":{"start":{"line":17,"column":38},"end":{"line":20,"column":3}}}},"branchMap":{},"s":{"0":2,"1":1,"2":1,"3":1,"4":1,"5":0,"6":0},"f":{"0":1,"1":1,"2":0},"b":{}}
,"D:\\Projects\\Apostill\\src\\hashFunctions\\sha256.ts": {"path":"D:\\Projects\\Apostill\\src\\hashFunctions\\sha256.ts","statementMap":{"0":{"start":{"line":5,"column":12},"end":{"line":5,"column":26}},"1":{"start":{"line":9,"column":4},"end":{"line":9,"column":60}},"2":{"start":{"line":12,"column":4},"end":{"line":12,"column":22}},"3":{"start":{"line":15,"column":20},"end":{"line":15,"column":63}},"4":{"start":{"line":16,"column":20},"end":{"line":16,"column":44}},"5":{"start":{"line":17,"column":4},"end":{"line":17,"column":79}},"6":{"start":{"line":20,"column":20},"end":{"line":20,"column":47}},"7":{"start":{"line":21,"column":4},"end":{"line":21,"column":43}}},"fnMap":{"0":{"name":"(anonymous_0)","decl":{"start":{"line":8,"column":9},"end":{"line":8,"column":14}},"loc":{"start":{"line":8,"column":33},"end":{"line":10,"column":3}}},"1":{"name":"(anonymous_1)","decl":{"start":{"line":11,"column":2},"end":{"line":null,"column":-1}},"loc":{"start":{"line":11,"column":2},"end":{"line":13,"column":3}}},"2":{"name":"(anonymous_2)","decl":{"start":{"line":14,"column":9},"end":{"line":14,"column":21}},"loc":{"start":{"line":14,"column":61},"end":{"line":18,"column":3}}},"3":{"name":"(anonymous_3)","decl":{"start":{"line":19,"column":9},"end":{"line":19,"column":24}},"loc":{"start":{"line":19,"column":38},"end":{"line":22,"column":3}}}},"branchMap":{},"s":{"0":2,"1":5,"2":2,"3":1,"4":1,"5":1,"6":1,"7":1},"f":{"0":5,"1":2,"2":1,"3":1},"b":{}}
,"D:\\Projects\\Apostill\\src\\hashFunctions\\sha3-256.ts": {"path":"D:\\Projects\\Apostill\\src\\hashFunctions\\sha3-256.ts","statementMap":{"0":{"start":{"line":5,"column":12},"end":{"line":5,"column":26}},"1":{"start":{"line":9,"column":4},"end":{"line":9,"column":22}},"2":{"start":{"line":13,"column":20},"end":{"line":13,"column":63}},"3":{"start":{"line":14,"column":20},"end":{"line":14,"column":44}},"4":{"start":{"line":15,"column":4},"end":{"line":15,"column":112}},"5":{"start":{"line":18,"column":20},"end":{"line":18,"column":47}},"6":{"start":{"line":19,"column":4},"end":{"line":19,"column":75}}},"fnMap":{"0":{"name":"(anonymous_0)","decl":{"start":{"line":8,"column":2},"end":{"line":null,"column":-1}},"loc":{"start":{"line":8,"column":2},"end":{"line":10,"column":3}}},"1":{"name":"(anonymous_1)","decl":{"start":{"line":12,"column":9},"end":{"line":12,"column":21}},"loc":{"start":{"line":12,"column":61},"end":{"line":16,"column":3}}},"2":{"name":"(anonymous_2)","decl":{"start":{"line":17,"column":9},"end":{"line":17,"column":24}},"loc":{"start":{"line":17,"column":38},"end":{"line":20,"column":3}}}},"branchMap":{},"s":{"0":2,"1":1,"2":1,"3":1,"4":1,"5":0,"6":0},"f":{"0":1,"1":1,"2":0},"b":{}}
,"D:\\Projects\\Apostill\\src\\hashFunctions\\sha3-512.ts": {"path":"D:\\Projects\\Apostill\\src\\hashFunctions\\sha3-512.ts","statementMap":{"0":{"start":{"line":5,"column":12},"end":{"line":5,"column":26}},"1":{"start":{"line":9,"column":4},"end":{"line":9,"column":22}},"2":{"start":{"line":13,"column":20},"end":{"line":13,"column":63}},"3":{"start":{"line":14,"column":20},"end":{"line":14,"column":44}},"4":{"start":{"line":15,"column":4},"end":{"line":15,"column":111}},"5":{"start":{"line":18,"column":20},"end":{"line":18,"column":47}},"6":{"start":{"line":19,"column":4},"end":{"line":19,"column":75}}},"fnMap":{"0":{"name":"(anonymous_0)","decl":{"start":{"line":8,"column":2},"end":{"line":null,"column":-1}},"loc":{"start":{"line":8,"column":2},"end":{"line":10,"column":3}}},"1":{"name":"(anonymous_1)","decl":{"start":{"line":12,"column":9},"end":{"line":12,"column":21}},"loc":{"start":{"line":12,"column":61},"end":{"line":16,"column":3}}},"2":{"name":"(anonymous_2)","decl":{"start":{"line":17,"column":9},"end":{"line":17,"column":24}},"loc":{"start":{"line":17,"column":38},"end":{"line":20,"column":3}}}},"branchMap":{},"s":{"0":2,"1":1,"2":1,"3":1,"4":1,"5":0,"6":0},"f":{"0":1,"1":1,"2":0},"b":{}}
}
