TN:
SF:D:\Projects\Apostill\src\Apostille.ts
FN:13,(anonymous_0)
FN:26,(anonymous_1)
FN:75,(anonymous_2)
FN:100,(anonymous_3)
FN:109,(anonymous_4)
FN:113,(anonymous_5)
FN:119,(anonymous_6)
FN:132,(anonymous_7)
FN:136,(anonymous_8)
FN:143,(anonymous_9)
FN:147,(anonymous_10)
FN:151,(anonymous_11)
FN:155,(anonymous_12)
FN:159,(anonymous_13)
FN:163,(anonymous_14)
FNF:15
FNH:5
FNDA:5,(anonymous_0)
FNDA:5,(anonymous_1)
FNDA:0,(anonymous_2)
FNDA:0,(anonymous_3)
FNDA:0,(anonymous_4)
FNDA:0,(anonymous_5)
FNDA:0,(anonymous_6)
FNDA:0,(anonymous_7)
FNDA:0,(anonymous_8)
FNDA:2,(anonymous_9)
FNDA:1,(anonymous_10)
FNDA:0,(anonymous_11)
FNDA:10,(anonymous_12)
FNDA:0,(anonymous_13)
FNDA:0,(anonymous_14)
DA:6,1
DA:8,5
DA:9,5
DA:10,5
DA:11,5
DA:13,5
DA:14,5
DA:15,0
DA:17,5
DA:19,5
DA:21,5
DA:23,5
DA:28,5
DA:29,0
DA:32,5
DA:33,5
DA:34,5
DA:35,0
DA:43,5
DA:52,0
DA:53,0
DA:61,0
DA:71,5
DA:72,5
DA:76,0
DA:77,0
DA:80,0
DA:81,0
DA:89,0
DA:97,0
DA:101,0
DA:102,0
DA:104,0
DA:105,0
DA:106,0
DA:107,0
DA:108,0
DA:110,0
DA:111,0
DA:113,0
DA:116,0
DA:118,0
DA:119,0
DA:120,0
DA:123,0
DA:130,0
DA:131,0
DA:133,0
DA:134,0
DA:136,0
DA:139,0
DA:144,2
DA:148,1
DA:152,0
DA:156,10
DA:160,0
DA:165,0
DA:166,0
LF:58
LH:21
BRDA:14,0,0,0
BRDA:14,0,1,5
BRDA:28,1,0,0
BRDA:28,1,1,5
BRDA:28,2,0,5
BRDA:28,2,1,5
BRDA:32,3,0,5
BRDA:32,3,1,0
BRDA:34,4,0,0
BRDA:34,4,1,5
BRDA:52,5,0,0
BRDA:52,5,1,0
BRDA:76,6,0,0
BRDA:76,6,1,0
BRDA:80,7,0,0
BRDA:80,7,1,0
BRDA:101,8,0,0
BRDA:101,8,1,0
BRDA:106,9,0,0
BRDA:106,9,1,0
BRF:20
BRH:6
end_of_record
TN:
SF:D:\Projects\Apostill\src\PublicApostille.ts
FN:10,(anonymous_0)
FN:22,(anonymous_1)
FN:34,(anonymous_2)
FN:42,(anonymous_3)
FN:46,(anonymous_4)
FN:50,(anonymous_5)
FN:54,(anonymous_6)
FN:58,(anonymous_7)
FNF:8
FNH:3
FNDA:1,(anonymous_0)
FNDA:1,(anonymous_1)
FNDA:0,(anonymous_2)
FNDA:0,(anonymous_3)
FNDA:0,(anonymous_4)
FNDA:0,(anonymous_5)
FNDA:0,(anonymous_6)
FNDA:2,(anonymous_7)
DA:8,1
DA:10,1
DA:11,1
DA:12,0
DA:13,0
DA:14,0
DA:16,0
DA:18,1
DA:23,1
DA:24,1
DA:31,1
DA:35,0
DA:36,0
DA:38,0
DA:39,0
DA:40,0
DA:41,0
DA:43,0
DA:44,0
DA:46,0
DA:51,0
DA:55,0
DA:59,2
LF:23
LH:8
BRDA:11,0,0,0
BRDA:11,0,1,1
BRDA:13,1,0,0
BRDA:13,1,1,0
BRDA:35,2,0,0
BRDA:35,2,1,0
BRF:6
BRH:1
end_of_record
TN:
SF:D:\Projects\Apostill\src\Sinks.ts
FN:1,(anonymous_0)
FNF:1
FNH:1
FNDA:1,(anonymous_0)
DA:1,1
DA:3,1
DA:5,1
DA:7,1
DA:9,1
LF:5
LH:5
BRDA:1,0,0,1
BRDA:1,0,1,1
BRF:2
BRH:2
end_of_record
TN:
SF:D:\Projects\Apostill\src\hashFunctions\HashFunction.ts
FN:5,(anonymous_0)
FNF:1
FNH:1
FNDA:6,(anonymous_0)
DA:6,6
DA:7,6
LF:2
LH:2
BRF:0
BRH:0
end_of_record
TN:
SF:D:\Projects\Apostill\src\hashFunctions\md5.ts
FN:8,(anonymous_0)
FN:12,(anonymous_1)
FN:17,(anonymous_2)
FNF:3
FNH:2
FNDA:1,(anonymous_0)
FNDA:1,(anonymous_1)
FNDA:0,(anonymous_2)
DA:5,2
DA:9,1
DA:13,1
DA:14,1
DA:15,1
DA:18,0
DA:19,0
LF:7
LH:5
BRF:0
BRH:0
end_of_record
TN:
SF:D:\Projects\Apostill\src\hashFunctions\sha1.ts
FN:8,(anonymous_0)
FN:12,(anonymous_1)
FN:17,(anonymous_2)
FNF:3
FNH:2
FNDA:1,(anonymous_0)
FNDA:1,(anonymous_1)
FNDA:0,(anonymous_2)
DA:5,2
DA:9,1
DA:13,1
DA:14,1
DA:15,1
DA:18,0
DA:19,0
LF:7
LH:5
BRF:0
BRH:0
end_of_record
TN:
SF:D:\Projects\Apostill\src\hashFunctions\sha256.ts
FN:8,(anonymous_0)
FN:11,(anonymous_1)
FN:14,(anonymous_2)
FN:19,(anonymous_3)
FNF:4
FNH:4
FNDA:5,(anonymous_0)
FNDA:2,(anonymous_1)
FNDA:1,(anonymous_2)
FNDA:1,(anonymous_3)
DA:5,2
DA:9,5
DA:12,2
DA:15,1
DA:16,1
DA:17,1
DA:20,1
DA:21,1
LF:8
LH:8
BRF:0
BRH:0
end_of_record
TN:
SF:D:\Projects\Apostill\src\hashFunctions\sha3-256.ts
FN:8,(anonymous_0)
FN:12,(anonymous_1)
FN:17,(anonymous_2)
FNF:3
FNH:2
FNDA:1,(anonymous_0)
FNDA:1,(anonymous_1)
FNDA:0,(anonymous_2)
DA:5,2
DA:9,1
DA:13,1
DA:14,1
DA:15,1
DA:18,0
DA:19,0
LF:7
LH:5
BRF:0
BRH:0
end_of_record
TN:
SF:D:\Projects\Apostill\src\hashFunctions\sha3-512.ts
FN:8,(anonymous_0)
FN:12,(anonymous_1)
FN:17,(anonymous_2)
FNF:3
FNH:2
FNDA:1,(anonymous_0)
FNDA:1,(anonymous_1)
FNDA:0,(anonymous_2)
DA:5,2
DA:9,1
DA:13,1
DA:14,1
DA:15,1
DA:18,0
DA:19,0
LF:7
LH:5
BRF:0
BRH:0
end_of_record
